<?xml version="1.0" encoding="UTF-8"?>
<!-- Generated by org.testng.reporters.JUnitReportReporter -->
<testsuite hostname="DESKTOP-3L9G43G" failures="0" tests="2" name="testRunner.TestRunnerClass" time="2.900" errors="0" timestamp="2024-12-04T16:19:56 IST" skipped="0">
  <testcase classname="testRunner.TestRunnerClass" name="runScenario" time="0.338"/>
  <testcase classname="testRunner.TestRunnerClass" name="runScenario" time="2.562"/>
</testsuite> <!-- testRunner.TestRunnerClass -->
